<?xml version="1.0" encoding="UTF-8"?>
<!-- Generated by org.testng.reporters.JUnitReportReporter -->
<testsuite hostname="SathishChowdary" failures="0" tests="1" name="com.caw.runner.TestNGRunner" time="14.400" errors="0" timestamp="2023-12-18T14:41:48 IST" skipped="0">
  <testcase classname="com.caw.runner.TestNGRunner" name="runScenario" time="14.400"/>
  <system-out/>
</testsuite> <!-- com.caw.runner.TestNGRunner -->
