<?xml version="1.0" encoding="UTF-8"?>
<!-- Generated by org.testng.reporters.JUnitReportReporter -->
<testsuite hostname="SathishChowdary" failures="0" tests="3" name="com.mindtree.runner.TestNGRunner" time="0.292" errors="3" timestamp="2023-12-16T19:33:08 IST" skipped="0">
  <testcase classname="com.mindtree.runner.TestNGRunner" name="runScenario" time="0.035">
    <error message="Cannot invoke &quot;org.openqa.selenium.WebDriver.get(String)&quot; because &quot;com.mindtree.stepdef.Hooks.driver&quot; is null" type="java.lang.NullPointerException">
      <![CDATA[java.lang.NullPointerException: Cannot invoke "org.openqa.selenium.WebDriver.get(String)" because "com.mindtree.stepdef.Hooks.driver" is null
at com.mindtree.stepdef.Hooks.user_is_successfully_naviaged_to(Hooks.java:80)
at ✽.user is successfully naviaged to "https://www.amazon.in/"(file:///C:/Users/Sathish%20Chowdary/Desktop/test/New%20folder/AmazonwithCucumber/src/test/resources/features/addToCart.feature:3)
]]>
    </error>
  </testcase> <!-- runScenario -->
  <system-out/>
  <testcase classname="com.mindtree.runner.TestNGRunner" name="runScenario" time="0.209">
    <error message="Cannot invoke &quot;org.openqa.selenium.WebDriver.get(String)&quot; because &quot;com.mindtree.stepdef.Hooks.driver&quot; is null" type="java.lang.NullPointerException">
      <![CDATA[java.lang.NullPointerException: Cannot invoke "org.openqa.selenium.WebDriver.get(String)" because "com.mindtree.stepdef.Hooks.driver" is null
at com.mindtree.stepdef.Hooks.user_is_successfully_naviaged_to(Hooks.java:80)
at ✽.user is successfully naviaged to "https://www.amazon.in/"(file:///C:/Users/Sathish%20Chowdary/Desktop/test/New%20folder/AmazonwithCucumber/src/test/resources/features/addToCart.feature:3)
]]>
    </error>
  </testcase> <!-- runScenario -->
  <system-out/>
  <testcase classname="com.mindtree.runner.TestNGRunner" name="runScenario" time="0.048">
    <error message="Cannot invoke &quot;org.openqa.selenium.WebDriver.get(String)&quot; because &quot;com.mindtree.stepdef.Hooks.driver&quot; is null" type="java.lang.NullPointerException">
      <![CDATA[java.lang.NullPointerException: Cannot invoke "org.openqa.selenium.WebDriver.get(String)" because "com.mindtree.stepdef.Hooks.driver" is null
at com.mindtree.stepdef.Hooks.user_is_successfully_naviaged_to(Hooks.java:80)
at ✽.user is successfully naviaged to "https://www.amazon.in/"(file:///C:/Users/Sathish%20Chowdary/Desktop/test/New%20folder/AmazonwithCucumber/src/test/resources/features/addToCart.feature:3)
]]>
    </error>
  </testcase> <!-- runScenario -->
  <system-out/>
</testsuite> <!-- com.mindtree.runner.TestNGRunner -->
